<?xml version="1.0" encoding="UTF-8"?>
<!-- Generated by org.testng.reporters.JUnitXMLReporter -->
<testsuite ignored="0" hostname="DESKTOP-1QOGDON" failures="0" tests="4" name="Test" time="0.033" errors="0" timestamp="2020-12-01T16:26:41 IST">
  <testcase classname="udemycourse.MavenJavaPractice.RestAPITest" name="deleteTwitter" time="0.003"/>
  <testcase classname="udemycourse.MavenJavaPractice.RestAPITest" name="postJira" time="0.0"/>
  <testcase classname="udemycourse.MavenJavaPractice.SeleniumTest" name="BrowserAutomation" time="0.0"/>
  <testcase classname="udemycourse.MavenJavaPractice.SeleniumTest" name="elementsUI" time="0.0"/>
</testsuite> <!-- Test -->
